Build started 15/12/2018 02:49:01 م.
     1>Project "E:\Projects\new repo\OOP-Project-Phase2\PT-Project.vcxproj" on node 2 (Build target(s)).
     1>Link:
         E:\new visual studio\VC\bin\link.exe /ERRORREPORT:PROMPT /OUT:".\Debug/PT Project.exe" /INCREMENTAL /NOLOGO odbc32.lib odbccp32.lib winmm.lib kernel32.lib user32.lib gdi32.lib winspool.lib comdlg32.lib advapi32.lib shell32.lib ole32.lib oleaut32.lib uuid.lib odbc32.lib odbccp32.lib /MANIFEST /MANIFESTUAC:"level='asInvoker' uiAccess='false'" /manifest:embed /DEBUG /PDB:".\Debug/PT Project.pdb" /SUBSYSTEM:CONSOLE /TLBID:1 /DYNAMICBASE /NXCOMPAT /IMPLIB:".\Debug\PT Project.lib" /MACHINE:X86 /SAFESEH .\Debug/AddEllipseAction.obj
         .\Debug/AddLineAction.obj
         .\Debug/AddRhomAction.obj
         .\Debug/AddTriAction.obj
         .\Debug/ChngDrwClrAction.obj
         .\Debug/ChngFilClrAction.obj
         .\Debug/DeleteAction.obj
         .\Debug/ExitAction.obj
         .\Debug/PickColorAction.obj
         .\Debug/PickTypeAction.obj
         .\Debug/SelectAction.obj
         .\Debug/SwitchToDrawAction.obj
         .\Debug/SwitchToPlayAction.obj
         .\Debug/auxil.obj
         .\Debug/CMUgraphics.obj
         .\Debug/colors.obj
         .\Debug/image.obj
         .\Debug/jpegload.obj
         .\Debug/keyqueue.obj
         .\Debug/mousequeue.obj
         .\Debug/windowinput.obj
         .\Debug/jcomapi.obj
         .\Debug/jcparam.obj
         .\Debug/jdapimin.obj
         .\Debug/jdapistd.obj
         .\Debug/jdatasrc.obj
         .\Debug/jdcoefct.obj
         .\Debug/jdcolor.obj
         .\Debug/jddctmgr.obj
         .\Debug/jdhuff.obj
         .\Debug/jdinput.obj
         .\Debug/jdmainct.obj
         .\Debug/jdmarker.obj
         .\Debug/jdmaster.obj
         .\Debug/jdmerge.obj
         .\Debug/jdphuff.obj
         .\Debug/jdpostct.obj
         .\Debug/jdsample.obj
         .\Debug/jdtrans.obj
         .\Debug/jerror.obj
         .\Debug/jidctflt.obj
         .\Debug/jidctfst.obj
         .\Debug/jidctint.obj
         .\Debug/jidctred.obj
         .\Debug/jmemmgr.obj
         .\Debug/jmemnobs.obj
         .\Debug/jquant1.obj
         .\Debug/jquant2.obj
         .\Debug/jutils.obj
         .\Debug/CEllipse.obj
         .\Debug/CFigure.obj
         .\Debug/CLine.obj
         .\Debug/CRectangle.obj
         .\Debug/AddRectAction.obj
         .\Debug/CRhombus.obj
         .\Debug/CTriangle.obj
         .\Debug/Input.obj
         .\Debug/Output.obj
         .\Debug/ApplicationManager.obj
         .\Debug/main.obj
     1>AddEllipseAction.obj : warning LNK4075: ignoring '/EDITANDCONTINUE' due to '/SAFESEH' specification
         PT-Project.vcxproj -> E:\Projects\new repo\OOP-Project-Phase2\.\Debug\PT Project.exe
     1>Done Building Project "E:\Projects\new repo\OOP-Project-Phase2\PT-Project.vcxproj" (Build target(s)).

Build succeeded.

Time Elapsed 00:00:00.75
